/bin/bash: ./update_and_push.sh: Operation not permitted
/bin/bash: ./update_and_push.sh: Operation not permitted
/bin/bash: ./update_and_push.sh: Operation not permitted
/bin/bash: ./update_and_push.sh: Operation not permitted
/bin/bash: ./update_and_push.sh: Operation not permitted
/bin/bash: ./update_and_push.sh: Operation not permitted
/bin/bash: ./update_and_push.sh: Operation not permitted
2026-03-26 16:55:00 🔄 Mise à jour du dashboard...
./update_and_push.sh: line 19: node: command not found
2026-03-26 17:00:00 🔄 Mise à jour du dashboard...
/Users/mac/Documents/Groupe ISM/schoolArt/scraper-classexpert-v2/dashboard/update_and_push.sh: line 19: node: command not found
2026-03-26 17:05:00 🔄 Mise à jour du dashboard...
/Users/mac/Documents/Groupe ISM/schoolArt/scraper-classexpert-v2/dashboard/update_and_push.sh: line 22: node: command not found
2026-03-26 17:10:00 🔄 Mise à jour du dashboard...
📊 Génération des données du dashboard...
✅ /Users/mac/Documents/Groupe ISM/schoolArt/scraper-classexpert-v2/dashboard/dashboard-data.json généré
   34 licences: 15 done, 8 skip, 11 en cours
   1221 classes au total
[main d3090dc] 📊 update data 2026-03-26 17:10
 1 file changed, 226 insertions(+), 122 deletions(-)
To github.com:zack-abess/ism-migration-dashboard.git
   e549629..d3090dc  main -> main
2026-03-26 17:10:27 ✅ Dashboard mis à jour et poussé.
2026-03-26 17:15:00 🔄 Mise à jour du dashboard...
📊 Génération des données du dashboard...
✅ /Users/mac/Documents/Groupe ISM/schoolArt/scraper-classexpert-v2/dashboard/dashboard-data.json généré
   34 licences: 15 done, 8 skip, 11 en cours
   1221 classes au total
[main bb9ce22] 📊 update data 2026-03-26 17:15
 1 file changed, 1 insertion(+), 1 deletion(-)
To github.com:zack-abess/ism-migration-dashboard.git
   d3090dc..bb9ce22  main -> main
2026-03-26 17:15:05 ✅ Dashboard mis à jour et poussé.
2026-03-26 17:20:00 🔄 Mise à jour du dashboard...
📊 Génération des données du dashboard...
✅ /Users/mac/Documents/Groupe ISM/schoolArt/scraper-classexpert-v2/dashboard/dashboard-data.json généré
   34 licences: 15 done, 8 skip, 11 en cours
   1221 classes au total
[main d52be64] 📊 update data 2026-03-26 17:20
 1 file changed, 1 insertion(+), 1 deletion(-)
To github.com:zack-abess/ism-migration-dashboard.git
   bb9ce22..d52be64  main -> main
2026-03-26 17:20:05 ✅ Dashboard mis à jour et poussé.
2026-03-26 17:25:00 🔄 Mise à jour du dashboard...
📊 Génération des données du dashboard...
✅ /Users/mac/Documents/Groupe ISM/schoolArt/scraper-classexpert-v2/dashboard/dashboard-data.json généré
   34 licences: 15 done, 8 skip, 11 en cours
   1221 classes au total
[main 07664d0] 📊 update data 2026-03-26 17:25
 1 file changed, 6 insertions(+), 6 deletions(-)
To github.com:zack-abess/ism-migration-dashboard.git
   d52be64..07664d0  main -> main
2026-03-26 17:25:06 ✅ Dashboard mis à jour et poussé.
2026-03-26 17:30:00 🔄 Mise à jour du dashboard...
📊 Génération des données du dashboard...
✅ /Users/mac/Documents/Groupe ISM/schoolArt/scraper-classexpert-v2/dashboard/dashboard-data.json généré
   34 licences: 15 done, 8 skip, 11 en cours
   1221 classes au total
[main e8b6bd4] 📊 update data 2026-03-26 17:30
 1 file changed, 1 insertion(+), 1 deletion(-)
To github.com:zack-abess/ism-migration-dashboard.git
   07664d0..e8b6bd4  main -> main
2026-03-26 17:30:06 ✅ Dashboard mis à jour et poussé.
2026-03-26 17:35:00 🔄 Mise à jour du dashboard...
📊 Génération des données du dashboard...
✅ /Users/mac/Documents/Groupe ISM/schoolArt/scraper-classexpert-v2/dashboard/dashboard-data.json généré
   34 licences: 15 done, 8 skip, 11 en cours
   1221 classes au total
[main 733a023] 📊 update data 2026-03-26 17:35
 1 file changed, 1 insertion(+), 1 deletion(-)
To github.com:zack-abess/ism-migration-dashboard.git
   e8b6bd4..733a023  main -> main
2026-03-26 17:35:06 ✅ Dashboard mis à jour et poussé.
2026-03-26 17:40:00 🔄 Mise à jour du dashboard...
📊 Génération des données du dashboard...
✅ /Users/mac/Documents/Groupe ISM/schoolArt/scraper-classexpert-v2/dashboard/dashboard-data.json généré
   34 licences: 15 done, 8 skip, 11 en cours
   1221 classes au total
[main 96d93bc] 📊 update data 2026-03-26 17:40
 1 file changed, 1 insertion(+), 1 deletion(-)
To github.com:zack-abess/ism-migration-dashboard.git
   733a023..96d93bc  main -> main
2026-03-26 17:40:06 ✅ Dashboard mis à jour et poussé.
2026-03-26 17:45:00 🔄 Mise à jour du dashboard...
📊 Génération des données du dashboard...
✅ /Users/mac/Documents/Groupe ISM/schoolArt/scraper-classexpert-v2/dashboard/dashboard-data.json généré
   34 licences: 15 done, 8 skip, 11 en cours
   1221 classes au total
[main e8a2ffa] 📊 update data 2026-03-26 17:45
 1 file changed, 8 insertions(+), 8 deletions(-)
To github.com:zack-abess/ism-migration-dashboard.git
   96d93bc..e8a2ffa  main -> main
2026-03-26 17:45:05 ✅ Dashboard mis à jour et poussé.
2026-03-26 17:50:00 🔄 Mise à jour du dashboard...
📊 Génération des données du dashboard...
✅ /Users/mac/Documents/Groupe ISM/schoolArt/scraper-classexpert-v2/dashboard/dashboard-data.json généré
   34 licences: 15 done, 8 skip, 11 en cours
   1221 classes au total
[main a946893] 📊 update data 2026-03-26 17:50
 1 file changed, 19 insertions(+), 19 deletions(-)
To github.com:zack-abess/ism-migration-dashboard.git
   e8a2ffa..a946893  main -> main
2026-03-26 17:50:05 ✅ Dashboard mis à jour et poussé.
2026-03-26 17:55:00 🔄 Mise à jour du dashboard...
📊 Génération des données du dashboard...
✅ /Users/mac/Documents/Groupe ISM/schoolArt/scraper-classexpert-v2/dashboard/dashboard-data.json généré
   34 licences: 15 done, 8 skip, 11 en cours
   1221 classes au total
[main 2940055] 📊 update data 2026-03-26 17:55
 1 file changed, 1 insertion(+), 1 deletion(-)
To github.com:zack-abess/ism-migration-dashboard.git
   a946893..2940055  main -> main
2026-03-26 17:55:05 ✅ Dashboard mis à jour et poussé.
2026-03-26 18:00:00 🔄 Mise à jour du dashboard...
📊 Génération des données du dashboard...
✅ /Users/mac/Documents/Groupe ISM/schoolArt/scraper-classexpert-v2/dashboard/dashboard-data.json généré
   34 licences: 15 done, 8 skip, 11 en cours
   1221 classes au total
[main f03b075] 📊 update data 2026-03-26 18:00
 1 file changed, 12 insertions(+), 12 deletions(-)
To github.com:zack-abess/ism-migration-dashboard.git
   2940055..f03b075  main -> main
2026-03-26 18:00:06 ✅ Dashboard mis à jour et poussé.
2026-03-26 18:05:00 🔄 Mise à jour du dashboard...
📊 Génération des données du dashboard...
✅ /Users/mac/Documents/Groupe ISM/schoolArt/scraper-classexpert-v2/dashboard/dashboard-data.json généré
   34 licences: 15 done, 8 skip, 11 en cours
   1221 classes au total
[main 12d8269] 📊 update data 2026-03-26 18:05
 1 file changed, 13 insertions(+), 13 deletions(-)
To github.com:zack-abess/ism-migration-dashboard.git
   f03b075..12d8269  main -> main
2026-03-26 18:05:06 ✅ Dashboard mis à jour et poussé.
2026-03-26 18:10:00 🔄 Mise à jour du dashboard...
📊 Génération des données du dashboard...
✅ /Users/mac/Documents/Groupe ISM/schoolArt/scraper-classexpert-v2/dashboard/dashboard-data.json généré
   35 licences: 17 done, 8 skip, 10 en cours
   1243 classes au total
[main f99f859] 📊 update data 2026-03-26 18:10
 1 file changed, 156 insertions(+), 97 deletions(-)
To github.com:zack-abess/ism-migration-dashboard.git
   12d8269..f99f859  main -> main
2026-03-26 18:10:06 ✅ Dashboard mis à jour et poussé.
2026-03-26 18:15:00 🔄 Mise à jour du dashboard...
📊 Génération des données du dashboard...
✅ /Users/mac/Documents/Groupe ISM/schoolArt/scraper-classexpert-v2/dashboard/dashboard-data.json généré
   35 licences: 17 done, 8 skip, 10 en cours
   1243 classes au total
[main 16bf30b] 📊 update data 2026-03-26 18:15
 1 file changed, 8 insertions(+), 8 deletions(-)
To github.com:zack-abess/ism-migration-dashboard.git
   f99f859..16bf30b  main -> main
2026-03-26 18:15:05 ✅ Dashboard mis à jour et poussé.
2026-03-26 18:20:00 🔄 Mise à jour du dashboard...
📊 Génération des données du dashboard...
✅ /Users/mac/Documents/Groupe ISM/schoolArt/scraper-classexpert-v2/dashboard/dashboard-data.json généré
   35 licences: 17 done, 8 skip, 10 en cours
   1243 classes au total
[main 2853c3b] 📊 update data 2026-03-26 18:20
 1 file changed, 3 insertions(+), 3 deletions(-)
To github.com:zack-abess/ism-migration-dashboard.git
   16bf30b..2853c3b  main -> main
2026-03-26 18:20:05 ✅ Dashboard mis à jour et poussé.
2026-03-26 18:25:01 🔄 Mise à jour du dashboard...
📊 Génération des données du dashboard...
✅ /Users/mac/Documents/Groupe ISM/schoolArt/scraper-classexpert-v2/dashboard/dashboard-data.json généré
   35 licences: 17 done, 8 skip, 10 en cours
   1243 classes au total
[main 6a6488e] 📊 update data 2026-03-26 18:25
 1 file changed, 8 insertions(+), 8 deletions(-)
To github.com:zack-abess/ism-migration-dashboard.git
   2853c3b..6a6488e  main -> main
2026-03-26 18:25:06 ✅ Dashboard mis à jour et poussé.
2026-03-26 18:30:00 🔄 Mise à jour du dashboard...
📊 Génération des données du dashboard...
✅ /Users/mac/Documents/Groupe ISM/schoolArt/scraper-classexpert-v2/dashboard/dashboard-data.json généré
   35 licences: 17 done, 8 skip, 10 en cours
   1243 classes au total
[main 4e920b5] 📊 update data 2026-03-26 18:30
 1 file changed, 16 insertions(+), 16 deletions(-)
To github.com:zack-abess/ism-migration-dashboard.git
   6a6488e..4e920b5  main -> main
2026-03-26 18:30:05 ✅ Dashboard mis à jour et poussé.
2026-03-26 18:35:00 🔄 Mise à jour du dashboard...
📊 Génération des données du dashboard...
✅ /Users/mac/Documents/Groupe ISM/schoolArt/scraper-classexpert-v2/dashboard/dashboard-data.json généré
   36 licences: 19 done, 8 skip, 9 en cours
   1262 classes au total
[main af3461c] 📊 update data 2026-03-26 18:35
 1 file changed, 176 insertions(+), 124 deletions(-)
To github.com:zack-abess/ism-migration-dashboard.git
   4e920b5..af3461c  main -> main
2026-03-26 18:35:05 ✅ Dashboard mis à jour et poussé.
2026-03-26 18:40:00 🔄 Mise à jour du dashboard...
📊 Génération des données du dashboard...
✅ /Users/mac/Documents/Groupe ISM/schoolArt/scraper-classexpert-v2/dashboard/dashboard-data.json généré
   36 licences: 19 done, 8 skip, 9 en cours
   1262 classes au total
[main 6ab98f0] 📊 update data 2026-03-26 18:40
 1 file changed, 9 insertions(+), 9 deletions(-)
To github.com:zack-abess/ism-migration-dashboard.git
   af3461c..6ab98f0  main -> main
2026-03-26 18:40:05 ✅ Dashboard mis à jour et poussé.
2026-03-26 18:45:00 🔄 Mise à jour du dashboard...
📊 Génération des données du dashboard...
✅ /Users/mac/Documents/Groupe ISM/schoolArt/scraper-classexpert-v2/dashboard/dashboard-data.json généré
   36 licences: 19 done, 8 skip, 9 en cours
   1262 classes au total
[main ca5afaf] 📊 update data 2026-03-26 18:45
 1 file changed, 14 insertions(+), 14 deletions(-)
To github.com:zack-abess/ism-migration-dashboard.git
   6ab98f0..ca5afaf  main -> main
2026-03-26 18:45:05 ✅ Dashboard mis à jour et poussé.
2026-03-26 18:50:00 🔄 Mise à jour du dashboard...
📊 Génération des données du dashboard...
✅ /Users/mac/Documents/Groupe ISM/schoolArt/scraper-classexpert-v2/dashboard/dashboard-data.json généré
   37 licences: 21 done, 8 skip, 8 en cours
   1262 classes au total
[main 5f27ea1] 📊 update data 2026-03-26 18:50
 1 file changed, 353 insertions(+), 301 deletions(-)
To github.com:zack-abess/ism-migration-dashboard.git
   ca5afaf..5f27ea1  main -> main
2026-03-26 18:50:07 ✅ Dashboard mis à jour et poussé.
2026-03-26 18:55:00 🔄 Mise à jour du dashboard...
📊 Génération des données du dashboard...
✅ /Users/mac/Documents/Groupe ISM/schoolArt/scraper-classexpert-v2/dashboard/dashboard-data.json généré
   37 licences: 21 done, 8 skip, 8 en cours
   1284 classes au total
[main 5b262c4] 📊 update data 2026-03-26 18:55
 1 file changed, 8 insertions(+), 8 deletions(-)
To github.com:zack-abess/ism-migration-dashboard.git
   5f27ea1..5b262c4  main -> main
2026-03-26 18:55:07 ✅ Dashboard mis à jour et poussé.
2026-03-26 19:00:00 🔄 Mise à jour du dashboard...
📊 Génération des données du dashboard...
✅ /Users/mac/Documents/Groupe ISM/schoolArt/scraper-classexpert-v2/dashboard/dashboard-data.json généré
   37 licences: 21 done, 8 skip, 8 en cours
   1284 classes au total
[main 61672cf] 📊 update data 2026-03-26 19:00
 1 file changed, 1 insertion(+), 1 deletion(-)
To github.com:zack-abess/ism-migration-dashboard.git
   5b262c4..61672cf  main -> main
2026-03-26 19:00:08 ✅ Dashboard mis à jour et poussé.
2026-03-26 19:05:00 🔄 Mise à jour du dashboard...
📊 Génération des données du dashboard...
✅ /Users/mac/Documents/Groupe ISM/schoolArt/scraper-classexpert-v2/dashboard/dashboard-data.json généré
   37 licences: 21 done, 8 skip, 8 en cours
   1284 classes | 29383 élèves | 2110 matières | 44 périodes
[main 6746689] 📊 update data 2026-03-26 19:05
 1 file changed, 126 insertions(+), 12 deletions(-)
To github.com:zack-abess/ism-migration-dashboard.git
   61672cf..6746689  main -> main
2026-03-26 19:05:07 ✅ Dashboard mis à jour et poussé.
2026-03-26 19:10:00 🔄 Mise à jour du dashboard...
📊 Génération des données du dashboard...
✅ /Users/mac/Documents/Groupe ISM/schoolArt/scraper-classexpert-v2/dashboard/dashboard-data.json généré
   37 licences: 21 done, 8 skip, 8 en cours
   1284 classes | 29383 élèves | 2110 matières | 44 périodes
[main f390e58] 📊 update data 2026-03-26 19:10
 1 file changed, 1 insertion(+), 1 deletion(-)
To github.com:zack-abess/ism-migration-dashboard.git
   6746689..f390e58  main -> main
2026-03-26 19:10:08 ✅ Dashboard mis à jour et poussé.
2026-03-26 19:15:00 🔄 Mise à jour du dashboard...
📊 Génération des données du dashboard...
✅ /Users/mac/Documents/Groupe ISM/schoolArt/scraper-classexpert-v2/dashboard/dashboard-data.json généré
   37 licences: 21 done, 8 skip, 8 en cours
   1284 classes | 29383 élèves | 2124 matières | 44 périodes
[main 7cf39e8] 📊 update data 2026-03-26 19:15
 1 file changed, 11 insertions(+), 11 deletions(-)
To github.com:zack-abess/ism-migration-dashboard.git
   f390e58..7cf39e8  main -> main
2026-03-26 19:15:07 ✅ Dashboard mis à jour et poussé.
2026-03-26 19:20:00 🔄 Mise à jour du dashboard...
📊 Génération des données du dashboard...
✅ /Users/mac/Documents/Groupe ISM/schoolArt/scraper-classexpert-v2/dashboard/dashboard-data.json généré
   37 licences: 21 done, 8 skip, 8 en cours
   1284 classes | 29383 élèves | 2124 matières | 44 périodes
[main 6e8db66] 📊 update data 2026-03-26 19:20
 1 file changed, 3 insertions(+), 3 deletions(-)
To github.com:zack-abess/ism-migration-dashboard.git
   7cf39e8..6e8db66  main -> main
2026-03-26 19:20:07 ✅ Dashboard mis à jour et poussé.
2026-03-26 19:25:00 🔄 Mise à jour du dashboard...
📊 Génération des données du dashboard...
✅ /Users/mac/Documents/Groupe ISM/schoolArt/scraper-classexpert-v2/dashboard/dashboard-data.json généré
   37 licences: 21 done, 8 skip, 8 en cours
   1284 classes | 29383 élèves | 2124 matières | 44 périodes
[main b1d20a1] 📊 update data 2026-03-26 19:25
 6 files changed, 449 insertions(+), 74 deletions(-)
 create mode 100644 .DS_Store
 create mode 100644 cron.log
To github.com:zack-abess/ism-migration-dashboard.git
   6e8db66..b1d20a1  main -> main
2026-03-26 19:25:06 ✅ Dashboard mis à jour et poussé.
2026-03-26 19:30:01 🔄 Mise à jour du dashboard...
📊 Génération des données du dashboard...
✅ /Users/mac/Documents/Groupe ISM/schoolArt/scraper-classexpert-v2/dashboard/dashboard-data.json généré
   37 licences: 21 done, 8 skip, 8 en cours
   1284 classes | 29383 élèves | 2124 matières | 44 périodes
[main c95ff81] 📊 update data 2026-03-26 19:30
 2 files changed, 13 insertions(+), 1 deletion(-)
To github.com:zack-abess/ism-migration-dashboard.git
   b1d20a1..c95ff81  main -> main
2026-03-26 19:30:06 ✅ Dashboard mis à jour et poussé.
2026-03-26 19:35:00 🔄 Mise à jour du dashboard...
📊 Génération des données du dashboard...
✅ /Users/mac/Documents/Groupe ISM/schoolArt/scraper-classexpert-v2/dashboard/dashboard-data.json généré
   37 licences: 21 done, 8 skip, 8 en cours
   1284 classes | 29383 élèves | 2159 matières | 44 périodes
[main 8a9c559] 📊 update data 2026-03-26 19:35
 2 files changed, 21 insertions(+), 11 deletions(-)
To github.com:zack-abess/ism-migration-dashboard.git
   c95ff81..8a9c559  main -> main
2026-03-26 19:35:06 ✅ Dashboard mis à jour et poussé.
2026-03-26 19:40:01 🔄 Mise à jour du dashboard...
📊 Génération des données du dashboard...
✅ /Users/mac/Documents/Groupe ISM/schoolArt/scraper-classexpert-v2/dashboard/dashboard-data.json généré
   37 licences: 21 done, 8 skip, 8 en cours
   1284 classes | 29383 élèves | 2159 matières | 44 périodes
[main ea24362] 📊 update data 2026-03-26 19:40
 2 files changed, 15 insertions(+), 5 deletions(-)
To github.com:zack-abess/ism-migration-dashboard.git
   8a9c559..ea24362  main -> main
2026-03-26 19:40:07 ✅ Dashboard mis à jour et poussé.
2026-03-26 19:45:01 🔄 Mise à jour du dashboard...
📊 Génération des données du dashboard...
✅ /Users/mac/Documents/Groupe ISM/schoolArt/scraper-classexpert-v2/dashboard/dashboard-data.json généré
   37 licences: 21 done, 8 skip, 8 en cours
   1284 classes | 29383 élèves | 2159 matières | 44 périodes
[main e5290f9] 📊 update data 2026-03-26 19:45
 2 files changed, 11 insertions(+), 1 deletion(-)
To github.com:zack-abess/ism-migration-dashboard.git
   ea24362..e5290f9  main -> main
2026-03-26 19:45:09 ✅ Dashboard mis à jour et poussé.
2026-03-26 19:50:00 🔄 Mise à jour du dashboard...
📊 Génération des données du dashboard...
✅ /Users/mac/Documents/Groupe ISM/schoolArt/scraper-classexpert-v2/dashboard/dashboard-data.json généré
   37 licences: 21 done, 8 skip, 8 en cours
   1284 classes | 29383 élèves | 2252 matières | 50 périodes
[main b1b485a] 📊 update data 2026-03-26 19:50
 3 files changed, 90 insertions(+), 61 deletions(-)
To github.com:zack-abess/ism-migration-dashboard.git
   e5290f9..b1b485a  main -> main
2026-03-26 19:50:07 ✅ Dashboard mis à jour et poussé.
2026-03-26 19:55:00 🔄 Mise à jour du dashboard...
📊 Génération des données du dashboard...
✅ /Users/mac/Documents/Groupe ISM/schoolArt/scraper-classexpert-v2/dashboard/dashboard-data.json généré
   37 licences: 21 done, 8 skip, 8 en cours
   1284 classes | 29383 élèves | 2252 matières | 50 périodes
[main 12fe70e] 📊 update data 2026-03-26 19:55
 2 files changed, 11 insertions(+), 1 deletion(-)
To github.com:zack-abess/ism-migration-dashboard.git
   b1b485a..12fe70e  main -> main
2026-03-26 19:55:07 ✅ Dashboard mis à jour et poussé.
2026-03-26 20:00:00 🔄 Mise à jour du dashboard...
📊 Génération des données du dashboard...
✅ /Users/mac/Documents/Groupe ISM/schoolArt/scraper-classexpert-v2/dashboard/dashboard-data.json généré
   37 licences: 21 done, 8 skip, 8 en cours
   1284 classes | 29383 élèves | 2252 matières | 50 périodes
[main f6d1433] 📊 update data 2026-03-26 20:00
 2 files changed, 20 insertions(+), 10 deletions(-)
To github.com:zack-abess/ism-migration-dashboard.git
   12fe70e..f6d1433  main -> main
2026-03-26 20:00:08 ✅ Dashboard mis à jour et poussé.
2026-03-26 20:05:00 🔄 Mise à jour du dashboard...
📊 Génération des données du dashboard...
✅ /Users/mac/Documents/Groupe ISM/schoolArt/scraper-classexpert-v2/dashboard/dashboard-data.json généré
   37 licences: 21 done, 8 skip, 8 en cours
   1284 classes | 29383 élèves | 2252 matières | 50 périodes
[main b3849a9] 📊 update data 2026-03-26 20:05
 2 files changed, 13 insertions(+), 3 deletions(-)
To github.com:zack-abess/ism-migration-dashboard.git
   f6d1433..b3849a9  main -> main
2026-03-26 20:05:07 ✅ Dashboard mis à jour et poussé.
2026-03-26 20:10:00 🔄 Mise à jour du dashboard...
📊 Génération des données du dashboard...
✅ /Users/mac/Documents/Groupe ISM/schoolArt/scraper-classexpert-v2/dashboard/dashboard-data.json généré
   37 licences: 21 done, 8 skip, 8 en cours
   1284 classes | 29383 élèves | 2252 matières | 50 périodes
[main bbd54af] 📊 update data 2026-03-26 20:10
 2 files changed, 13 insertions(+), 3 deletions(-)
To github.com:zack-abess/ism-migration-dashboard.git
   b3849a9..bbd54af  main -> main
2026-03-26 20:10:06 ✅ Dashboard mis à jour et poussé.
2026-03-26 20:15:00 🔄 Mise à jour du dashboard...
📊 Génération des données du dashboard...
✅ /Users/mac/Documents/Groupe ISM/schoolArt/scraper-classexpert-v2/dashboard/dashboard-data.json généré
   37 licences: 21 done, 8 skip, 8 en cours
   1284 classes | 29383 élèves | 2252 matières | 50 périodes
[main 44b0621] 📊 update data 2026-03-26 20:15
 2 files changed, 18 insertions(+), 8 deletions(-)
To github.com:zack-abess/ism-migration-dashboard.git
   bbd54af..44b0621  main -> main
2026-03-26 20:15:07 ✅ Dashboard mis à jour et poussé.
2026-03-26 20:20:00 🔄 Mise à jour du dashboard...
📊 Génération des données du dashboard...
✅ /Users/mac/Documents/Groupe ISM/schoolArt/scraper-classexpert-v2/dashboard/dashboard-data.json généré
   38 licences: 22 done, 8 skip, 8 en cours
   1284 classes | 30344 élèves | 2252 matières | 50 périodes
[main aa09a74] 📊 update data 2026-03-26 20:20
 2 files changed, 130 insertions(+), 65 deletions(-)
To github.com:zack-abess/ism-migration-dashboard.git
   44b0621..aa09a74  main -> main
2026-03-26 20:20:06 ✅ Dashboard mis à jour et poussé.
2026-03-26 20:25:00 🔄 Mise à jour du dashboard...
📊 Génération des données du dashboard...
✅ /Users/mac/Documents/Groupe ISM/schoolArt/scraper-classexpert-v2/dashboard/dashboard-data.json généré
   38 licences: 22 done, 8 skip, 8 en cours
   1307 classes | 30344 élèves | 2252 matières | 50 périodes
[main 7f7a5e3] 📊 update data 2026-03-26 20:25
 3 files changed, 132 insertions(+), 118 deletions(-)
To github.com:zack-abess/ism-migration-dashboard.git
   aa09a74..7f7a5e3  main -> main
2026-03-26 20:25:07 ✅ Dashboard mis à jour et poussé.
2026-03-26 20:30:00 🔄 Mise à jour du dashboard...
📊 Génération des données du dashboard...
✅ /Users/mac/Documents/Groupe ISM/schoolArt/scraper-classexpert-v2/dashboard/dashboard-data.json généré
   38 licences: 22 done, 8 skip, 8 en cours
   1307 classes | 30344 élèves | 2253 matières | 50 périodes
[main 0e17260] 📊 update data 2026-03-26 20:30
 2 files changed, 27 insertions(+), 17 deletions(-)
To github.com:zack-abess/ism-migration-dashboard.git
   7f7a5e3..0e17260  main -> main
2026-03-26 20:30:06 ✅ Dashboard mis à jour et poussé.
2026-03-26 20:35:00 🔄 Mise à jour du dashboard...
📊 Génération des données du dashboard...
✅ /Users/mac/Documents/Groupe ISM/schoolArt/scraper-classexpert-v2/dashboard/dashboard-data.json généré
   38 licences: 25 done, 8 skip, 5 en cours
   1307 classes | 30344 élèves | 2277 matières | 50 périodes
[main 9c82b2b] 📊 update data 2026-03-26 20:35
 2 files changed, 194 insertions(+), 184 deletions(-)
To github.com:zack-abess/ism-migration-dashboard.git
   0e17260..9c82b2b  main -> main
2026-03-26 20:35:06 ✅ Dashboard mis à jour et poussé.
2026-03-26 20:40:00 🔄 Mise à jour du dashboard...
📊 Génération des données du dashboard...
✅ /Users/mac/Documents/Groupe ISM/schoolArt/scraper-classexpert-v2/dashboard/dashboard-data.json généré
   39 licences: 25 done, 8 skip, 6 en cours
   1333 classes | 31451 élèves | 2277 matières | 50 périodes
[main 10ec56b] 📊 update data 2026-03-26 20:40
 2 files changed, 78 insertions(+), 13 deletions(-)
To github.com:zack-abess/ism-migration-dashboard.git
   9c82b2b..10ec56b  main -> main
2026-03-26 20:40:06 ✅ Dashboard mis à jour et poussé.
2026-03-26 20:45:00 🔄 Mise à jour du dashboard...
📊 Génération des données du dashboard...
✅ /Users/mac/Documents/Groupe ISM/schoolArt/scraper-classexpert-v2/dashboard/dashboard-data.json généré
   39 licences: 25 done, 8 skip, 6 en cours
   1333 classes | 31451 élèves | 2277 matières | 50 périodes
[main 4a7dcdd] 📊 update data 2026-03-26 20:45
 2 files changed, 13 insertions(+), 3 deletions(-)
To github.com:zack-abess/ism-migration-dashboard.git
   10ec56b..4a7dcdd  main -> main
2026-03-26 20:45:06 ✅ Dashboard mis à jour et poussé.
2026-03-26 20:50:00 🔄 Mise à jour du dashboard...
📊 Génération des données du dashboard...
✅ /Users/mac/Documents/Groupe ISM/schoolArt/scraper-classexpert-v2/dashboard/dashboard-data.json généré
   39 licences: 25 done, 8 skip, 6 en cours
   1333 classes | 31451 élèves | 2277 matières | 50 périodes
[main 1418eb6] 📊 update data 2026-03-26 20:50
 2 files changed, 16 insertions(+), 6 deletions(-)
To github.com:zack-abess/ism-migration-dashboard.git
   4a7dcdd..1418eb6  main -> main
2026-03-26 20:50:07 ✅ Dashboard mis à jour et poussé.
2026-03-26 20:55:00 🔄 Mise à jour du dashboard...
📊 Génération des données du dashboard...
✅ /Users/mac/Documents/Groupe ISM/schoolArt/scraper-classexpert-v2/dashboard/dashboard-data.json généré
   39 licences: 25 done, 8 skip, 6 en cours
   1333 classes | 31451 élèves | 2280 matières | 50 périodes
[main ab41f72] 📊 update data 2026-03-26 20:55
 2 files changed, 19 insertions(+), 9 deletions(-)
To github.com:zack-abess/ism-migration-dashboard.git
   1418eb6..ab41f72  main -> main
2026-03-26 20:55:07 ✅ Dashboard mis à jour et poussé.
2026-03-26 21:00:00 🔄 Mise à jour du dashboard...
📊 Génération des données du dashboard...
✅ /Users/mac/Documents/Groupe ISM/schoolArt/scraper-classexpert-v2/dashboard/dashboard-data.json généré
   39 licences: 25 done, 8 skip, 6 en cours
   1333 classes | 31451 élèves | 2285 matières | 50 périodes
[main 59601b1] 📊 update data 2026-03-26 21:00
 2 files changed, 27 insertions(+), 17 deletions(-)
To github.com:zack-abess/ism-migration-dashboard.git
   ab41f72..59601b1  main -> main
2026-03-26 21:00:08 ✅ Dashboard mis à jour et poussé.
2026-03-26 21:05:00 🔄 Mise à jour du dashboard...
📊 Génération des données du dashboard...
✅ /Users/mac/Documents/Groupe ISM/schoolArt/scraper-classexpert-v2/dashboard/dashboard-data.json généré
   39 licences: 25 done, 8 skip, 6 en cours
   1333 classes | 31451 élèves | 2285 matières | 50 périodes
[main 6d30b3b] 📊 update data 2026-03-26 21:05
 2 files changed, 11 insertions(+), 1 deletion(-)
To github.com:zack-abess/ism-migration-dashboard.git
   59601b1..6d30b3b  main -> main
2026-03-26 21:05:08 ✅ Dashboard mis à jour et poussé.
2026-03-26 21:10:00 🔄 Mise à jour du dashboard...
📊 Génération des données du dashboard...
✅ /Users/mac/Documents/Groupe ISM/schoolArt/scraper-classexpert-v2/dashboard/dashboard-data.json généré
   39 licences: 25 done, 8 skip, 6 en cours
   1333 classes | 31451 élèves | 2285 matières | 50 périodes
[main 6999e69] 📊 update data 2026-03-26 21:10
 2 files changed, 11 insertions(+), 1 deletion(-)
To github.com:zack-abess/ism-migration-dashboard.git
   6d30b3b..6999e69  main -> main
2026-03-26 21:10:07 ✅ Dashboard mis à jour et poussé.
2026-03-26 21:15:00 🔄 Mise à jour du dashboard...
📊 Génération des données du dashboard...
✅ /Users/mac/Documents/Groupe ISM/schoolArt/scraper-classexpert-v2/dashboard/dashboard-data.json généré
   40 licences: 26 done, 8 skip, 6 en cours
   1333 classes | 31451 élèves | 2289 matières | 50 périodes
[main f377a23] 📊 update data 2026-03-26 21:15
 2 files changed, 136 insertions(+), 71 deletions(-)
To github.com:zack-abess/ism-migration-dashboard.git
   6999e69..f377a23  main -> main
2026-03-26 21:15:06 ✅ Dashboard mis à jour et poussé.
2026-03-26 21:20:01 🔄 Mise à jour du dashboard...
📊 Génération des données du dashboard...
✅ /Users/mac/Documents/Groupe ISM/schoolArt/scraper-classexpert-v2/dashboard/dashboard-data.json généré
   40 licences: 26 done, 8 skip, 6 en cours
   1368 classes | 32720 élèves | 2289 matières | 50 périodes
[main d9e76ae] 📊 update data 2026-03-26 21:20
 2 files changed, 20 insertions(+), 10 deletions(-)
To github.com:zack-abess/ism-migration-dashboard.git
   f377a23..d9e76ae  main -> main
2026-03-26 21:20:08 ✅ Dashboard mis à jour et poussé.
2026-03-26 21:25:00 🔄 Mise à jour du dashboard...
📊 Génération des données du dashboard...
✅ /Users/mac/Documents/Groupe ISM/schoolArt/scraper-classexpert-v2/dashboard/dashboard-data.json généré
   40 licences: 26 done, 8 skip, 6 en cours
   1368 classes | 32720 élèves | 2289 matières | 50 périodes
[main e9c6a95] 📊 update data 2026-03-26 21:25
 2 files changed, 13 insertions(+), 3 deletions(-)
To github.com:zack-abess/ism-migration-dashboard.git
   d9e76ae..e9c6a95  main -> main
2026-03-26 21:25:07 ✅ Dashboard mis à jour et poussé.
2026-03-26 21:30:00 🔄 Mise à jour du dashboard...
📊 Génération des données du dashboard...
✅ /Users/mac/Documents/Groupe ISM/schoolArt/scraper-classexpert-v2/dashboard/dashboard-data.json généré
   40 licences: 26 done, 8 skip, 6 en cours
   1368 classes | 32720 élèves | 2289 matières | 50 périodes
